<?xml version="1.0" encoding="UTF-8"?>
<!-- Generated by org.testng.reporters.JUnitXMLReporter -->
<testsuite ignored="0" hostname="ShwetaPunekar" failures="0" tests="3" name="Test-1" time="149.479" errors="0" timestamp="2024-06-19T11:24:56 IST">
  <testcase classname="testng.com.comcast.crm.contacttest.createContactTest" name="createContact" time="35.269"/>
  <testcase classname="testng.com.comcast.crm.contacttest.createContactTest" name="createContactWithDate" time="14.108"/>
  <testcase classname="testng.com.comcast.crm.contacttest.createContactTest" name="createContactWithOrganization" time="27.456"/>
</testsuite> <!-- Test-1 -->
