<?xml version="1.0" encoding="UTF-8"?>
<!-- Generated by org.testng.reporters.JUnitXMLReporter -->
<testsuite ignored="0" hostname="ShwetaPunekar" failures="0" tests="3" name="Test-2" time="136.359" errors="0" timestamp="2024-06-19T11:24:43 IST">
  <testcase classname="testng.com.comcast.crm.orgtest.createOrgTest" name="createOrgNameWithIndustry" time="35.244"/>
  <testcase classname="testng.com.comcast.crm.orgtest.createOrgTest" name="createOrgTest" time="13.838"/>
  <testcase classname="testng.com.comcast.crm.orgtest.createOrgTest" name="createOrganizationWithPhoneNumber" time="15.702"/>
</testsuite> <!-- Test-2 -->
