<?xml version="1.0" encoding="UTF-8"?>
<!-- Generated by org.testng.reporters.JUnitReportReporter -->
<testsuite hostname="ShwetaPunekar" failures="0" tests="3" name="practice.testng.AmazonDataProviderTest" time="35.390" errors="0" timestamp="2024-06-12T09:53:08 IST" skipped="0">
  <testcase classname="practice.testng.AmazonDataProviderTest" name="getProductInfoTest" time="9.996"/>
  <system-out/>
  <testcase classname="practice.testng.AmazonDataProviderTest" name="getProductInfoTest" time="9.882"/>
  <system-out/>
  <testcase classname="practice.testng.AmazonDataProviderTest" name="getProductInfoTest" time="15.512"/>
  <system-out/>
</testsuite> <!-- practice.testng.AmazonDataProviderTest -->
