<?xml version="1.0" encoding="UTF-8"?>
<!-- Generated by org.testng.reporters.JUnitReportReporter -->
<testsuite hostname="ShwetaPunekar" failures="0" tests="3" name="practice.testng.CreateContactUsingDataProviderTest" time="0.020" errors="0" timestamp="2024-06-11T11:00:15 IST" skipped="0">
  <testcase classname="practice.testng.CreateContactUsingDataProviderTest" name="createContactTest" time="0.016"/>
  <system-out/>
  <testcase classname="practice.testng.CreateContactUsingDataProviderTest" name="createContactTest" time="0.002"/>
  <system-out/>
  <testcase classname="practice.testng.CreateContactUsingDataProviderTest" name="createContactTest" time="0.002"/>
  <system-out/>
</testsuite> <!-- practice.testng.CreateContactUsingDataProviderTest -->
