<?xml version="1.0" encoding="UTF-8"?>
<!-- Generated by org.testng.reporters.JUnitReportReporter -->
<testsuite hostname="ShwetaPunekar" failures="0" tests="6" name="practice.testng.practiceDependsOnMethodANDpriority" time="0.032" errors="0" timestamp="2024-06-10T18:09:41 IST" skipped="0">
  <testcase classname="practice.testng.practiceDependsOnMethodANDpriority" name="isCheck" time="0.015"/>
  <system-out/>
  <testcase classname="practice.testng.practiceDependsOnMethodANDpriority" name="isChecked" time="0.004"/>
  <system-out/>
  <testcase classname="practice.testng.practiceDependsOnMethodANDpriority" name="random" time="0.000"/>
  <system-out/>
  <testcase classname="practice.testng.practiceDependsOnMethodANDpriority" name="isChecking" time="0.003"/>
  <system-out/>
  <testcase classname="practice.testng.practiceDependsOnMethodANDpriority" name="as" time="0.003"/>
  <system-out/>
  <testcase classname="practice.testng.practiceDependsOnMethodANDpriority" name="zas" time="0.007"/>
  <system-out/>
</testsuite> <!-- practice.testng.practiceDependsOnMethodANDpriority -->
