<?xml version="1.0" encoding="UTF-8"?>
<!-- Generated by org.testng.reporters.JUnitReportReporter -->
<testsuite hostname="ShwetaPunekar" failures="0" tests="2" name="practice.testng.ConfigurationAnnotations" time="0.020" errors="0" timestamp="2024-06-12T16:20:36 IST" skipped="0">
  <testcase classname="practice.testng.ConfigurationAnnotations" name="createTest" time="0.015"/>
  <system-out/>
  <testcase classname="practice.testng.ConfigurationAnnotations" name="createTestData" time="0.005"/>
  <system-out/>
</testsuite> <!-- practice.testng.ConfigurationAnnotations -->
