<?xml version="1.0" encoding="UTF-8"?>
<!-- Generated by org.testng.reporters.JUnitReportReporter -->
<testsuite hostname="ShwetaPunekar" failures="0" tests="3" name="testng.com.comcast.crm.contacttest.createContactTest" time="135.472" errors="0" timestamp="2024-06-19T11:24:56 IST" skipped="0">
  <testcase classname="testng.com.comcast.crm.contacttest.createContactTest" name="createContact" time="41.384"/>
  <system-out/>
  <testcase classname="testng.com.comcast.crm.contacttest.createContactTest" name="createContactWithOrganization" time="34.055"/>
  <system-out/>
  <testcase classname="testng.com.comcast.crm.contacttest.createContactTest" name="createContactWithDate" time="60.033"/>
  <system-out/>
</testsuite> <!-- testng.com.comcast.crm.contacttest.createContactTest -->
