<?xml version="1.0" encoding="UTF-8"?>
<!-- Generated by org.testng.reporters.JUnitReportReporter -->
<testsuite hostname="ShwetaPunekar" failures="0" tests="11" name="practice.testng.SampleTestTestNGBasicTopics" time="0.062" errors="0" timestamp="2024-06-11T09:37:31 IST" skipped="1">
  <testcase classname="practice.testng.SampleTestTestNGBasicTopics" name="createdOrderTest" time="0.002"/>
  <system-out/>
  <testcase classname="practice.testng.SampleTestTestNGBasicTopics" name="createdOrderTest" time="0.002"/>
  <system-out/>
  <testcase classname="practice.testng.SampleTestTestNGBasicTopics" name="createdOrderTest" time="0.006"/>
  <system-out/>
  <testcase classname="practice.testng.SampleTestTestNGBasicTopics" name="createdOrderTest" time="0.003"/>
  <system-out/>
  <testcase classname="practice.testng.SampleTestTestNGBasicTopics" name="createdOrderTest" time="0.036"/>
  <system-out/>
  <testcase classname="practice.testng.SampleTestTestNGBasicTopics" name="createdOrderTest" time="0.003"/>
  <system-out/>
  <testcase classname="practice.testng.SampleTestTestNGBasicTopics" name="createdOrderTest" time="0.001"/>
  <system-out/>
  <testcase classname="practice.testng.SampleTestTestNGBasicTopics" name="createdOrderTest" time="0.001"/>
  <system-out/>
  <testcase classname="practice.testng.SampleTestTestNGBasicTopics" name="createdOrderTest" time="0.006"/>
  <system-out/>
  <testcase classname="practice.testng.SampleTestTestNGBasicTopics" name="createdOrderTest" time="0.002"/>
  <system-out/>
  <testcase classname="practice.testng.SampleTestTestNGBasicTopics" name="billingOnOrderTest">
    <skipped/>
  </testcase> <!-- billingOnOrderTest -->
  <system-out/>
</testsuite> <!-- practice.testng.SampleTestTestNGBasicTopics -->
