<?xml version="1.0" encoding="UTF-8"?>
<!-- Generated by org.testng.reporters.JUnitReportReporter -->
<testsuite hostname="ShwetaPunekar" failures="0" tests="2" name="FrameWork.CrmApp_CreateContactTest" time="39.991" errors="0" timestamp="2024-06-24T15:16:01 IST" skipped="0">
  <testcase classname="FrameWork.CrmApp_CreateContactTest" name="createContactWithDate" time="16.096"/>
  <testcase classname="FrameWork.CrmApp_CreateContactTest" name="createContactWithOrganization" time="23.895"/>
</testsuite> <!-- FrameWork.CrmApp_CreateContactTest -->
