<?xml version="1.0" encoding="UTF-8"?>
<!-- Generated by org.testng.reporters.JUnitReportReporter -->
<testsuite hostname="ShwetaPunekar" failures="0" tests="4" name="p1.Cct" time="0.069" errors="0" timestamp="2024-06-14T11:50:22 IST" skipped="0">
  <testcase classname="p1.Cct" name="createContact" time="0.027"/>
  <system-out/>
  <testcase classname="p1.Cct" name="createContact" time="0.014"/>
  <system-out/>
  <testcase classname="p1.Cct" name="createContact" time="0.014"/>
  <system-out/>
  <testcase classname="p1.Cct" name="createContact" time="0.014"/>
  <system-out/>
</testsuite> <!-- p1.Cct -->
