<?xml version="1.0" encoding="UTF-8"?>
<!-- Generated by org.testng.reporters.JUnitReportReporter -->
<testsuite hostname="ShwetaPunekar" failures="0" tests="1" name="FrameWork.sampleReportTest" time="1.254" errors="0" timestamp="2024-06-21T14:32:14 IST" skipped="0">
  <testcase classname="FrameWork.sampleReportTest" name="createContactTest" time="1.254"/>
  <system-out/>
</testsuite> <!-- FrameWork.sampleReportTest -->
