<?xml version="1.0" encoding="UTF-8"?>
<!-- Generated by org.testng.reporters.JUnitReportReporter -->
<testsuite hostname="ShwetaPunekar" failures="0" tests="1" name="FrameWork.ReportTestWithScreenshot" time="5.911" errors="0" timestamp="2024-06-21T15:11:43 IST" skipped="0">
  <testcase classname="FrameWork.ReportTestWithScreenshot" name="createContactwithPhoneNum" time="5.911"/>
  <system-out/>
</testsuite> <!-- FrameWork.ReportTestWithScreenshot -->
