<?xml version="1.0" encoding="UTF-8"?>
<!-- Generated by org.testng.reporters.JUnitReportReporter -->
<testsuite hostname="ShwetaPunekar" failures="0" tests="2" name="testng.assertion.practice.HardAssertionSample" time="0.020" errors="0" timestamp="2024-06-15T10:58:51 IST" skipped="0">
  <testcase classname="testng.assertion.practice.HardAssertionSample" name="verifyHomePageLogo" time="0.004"/>
  <system-out>
    <![CDATA[verifyHomePageLogo Test Start
Step-1
Step-2
Step-3
Step-4
verifyHomePageLogo Test End]]>
  </system-out>
  <testcase classname="testng.assertion.practice.HardAssertionSample" name="homePageTest" time="0.016"/>
  <system-out>
    <![CDATA[homePageTest Test Start
Step-1
Step-2
Step-3
Step-4
homePageTest Test End]]>
  </system-out>
</testsuite> <!-- testng.assertion.practice.HardAssertionSample -->
