<?xml version="1.0" encoding="UTF-8"?>
<!-- Generated by org.testng.reporters.JUnitReportReporter -->
<testsuite hostname="ShwetaPunekar" failures="0" tests="3" name="FrameWork.SampleReportTestUsingConFig" time="6.271" errors="0" timestamp="2024-06-21T15:08:23 IST" skipped="0">
  <testcase classname="FrameWork.SampleReportTestUsingConFig" name="createOrgTest" time="0.006"/>
  <system-out/>
  <testcase classname="FrameWork.SampleReportTestUsingConFig" name="createContactTest" time="0.479"/>
  <system-out/>
  <testcase classname="FrameWork.SampleReportTestUsingConFig" name="createContactwithPhoneNum" time="5.786"/>
  <system-out/>
</testsuite> <!-- FrameWork.SampleReportTestUsingConFig -->
