<?xml version="1.0" encoding="UTF-8"?>
<!-- Generated by org.testng.reporters.JUnitReportReporter -->
<testsuite hostname="ShwetaPunekar" failures="0" tests="1" name="practice.testng.SampleTestForScreenShot" time="10.488" errors="0" timestamp="2024-06-15T12:24:08 IST" skipped="0">
  <testcase classname="practice.testng.SampleTestForScreenShot" name="AmazonTest" time="10.488"/>
  <system-out/>
</testsuite> <!-- practice.testng.SampleTestForScreenShot -->
