<?xml version="1.0" encoding="UTF-8"?>
<!-- Generated by org.testng.reporters.JUnitReportReporter -->
<testsuite hostname="ShwetaPunekar" failures="0" tests="3" name="testng.com.comcast.crm.orgtest.createOrgTest" time="122.676" errors="0" timestamp="2024-06-19T11:24:56 IST" skipped="0">
  <testcase classname="testng.com.comcast.crm.orgtest.createOrgTest" name="createOrgTest" time="19.421"/>
  <system-out/>
  <testcase classname="testng.com.comcast.crm.orgtest.createOrgTest" name="createOrgNameWithIndustry" time="81.286"/>
  <system-out/>
  <testcase classname="testng.com.comcast.crm.orgtest.createOrgTest" name="createOrganizationWithPhoneNumber" time="21.969"/>
  <system-out/>
</testsuite> <!-- testng.com.comcast.crm.orgtest.createOrgTest -->
