<?xml version="1.0" encoding="UTF-8"?>
<!-- Generated by org.testng.reporters.JUnitReportReporter -->
<testsuite hostname="ShwetaPunekar" failures="0" tests="1" name="practice.testng.TestScriptDataProvider" time="1.401" errors="0" timestamp="2024-06-20T17:15:51 IST" skipped="0">
  <testcase classname="practice.testng.TestScriptDataProvider" name="simple" time="1.401"/>
  <system-out/>
</testsuite> <!-- practice.testng.TestScriptDataProvider -->
